<?xml version="1.0" encoding="UTF-8"?>
<testng-results ignored="0" total="1" passed="1" failed="0" skipped="0">
  <reporter-output>
    <line>
      <![CDATA[Test Case Started m1]]>
    </line>
    <line>
      <![CDATA[Test Case Executed Successfully m1]]>
    </line>
  </reporter-output>
  <suite started-at="2023-10-09T15:54:44 IST" name="Suite" finished-at="2023-10-09T15:54:44 IST" duration-ms="287">
    <groups>
      <group name="smoke">
        <method signature="CreateOrgWithNameAndWebsiteTest.m1()[pri:0, instance:com.qsp.Test.CreateOrgWithNameAndWebsiteTest@1349883]" name="m1" class="com.qsp.Test.CreateOrgWithNameAndWebsiteTest"/>
      </group> <!-- smoke -->
    </groups>
    <test started-at="2023-10-09T15:54:44 IST" name="Test" finished-at="2023-10-09T15:54:44 IST" duration-ms="287">
      <class name="com.qsp.Test.CreateOrgWithNameAndWebsiteTest">
        <test-method signature="m1()[pri:0, instance:com.qsp.Test.CreateOrgWithNameAndWebsiteTest@1349883]" started-at="2023-10-09T15:54:44 IST" name="m1" finished-at="2023-10-09T15:54:44 IST" duration-ms="12" status="PASS">
          <reporter-output>
            <line>
              <![CDATA[Test Case Started m1]]>
            </line>
            <line>
              <![CDATA[Test Case Executed Successfully m1]]>
            </line>
          </reporter-output>
        </test-method> <!-- m1 -->
      </class> <!-- com.qsp.Test.CreateOrgWithNameAndWebsiteTest -->
    </test> <!-- Test -->
  </suite> <!-- Suite -->
</testng-results>
